{
  "RSpec": {
    "coverage": {
      "/home/nara/TestRspec/spec/controllers/tests_controller_spec.rb": [
        1,
        null,
        1,
        9,
        null,
        null,
        1,
        1,
        2,
        null,
        1,
        null,
        null,
        1,
        1,
        2,
        null,
        1,
        null,
        null,
        1,
        1,
        2,
        null,
        1,
        null,
        null,
        1,
        1,
        2,
        null,
        1,
        null,
        null,
        1,
        1,
        1,
        1,
        1,
        null,
        1,
        null,
        null,
        null,
        1,
        1,
        1,
        1,
        null,
        1,
        null,
        null,
        1,
        1,
        1,
        null,
        1,
        null,
        null,
        null,
        null,
        1,
        1,
        1,
        1,
        null,
        null,
        1,
        1,
        1,
        null,
        null,
        1,
        1,
        1,
        null,
        null,
        null,
        1,
        1,
        1,
        null,
        null,
        1,
        1,
        1,
        null,
        null,
        1,
        1,
        null,
        null,
        1,
        1,
        1,
        null,
        null,
        null,
        null,
        1,
        1,
        1,
        1,
        1,
        null,
        1,
        null,
        null,
        null
      ],
      "/home/nara/TestRspec/spec/rails_helper.rb": [
        null,
        1,
        1,
        null,
        1,
        1,
        1,
        1,
        1,
        1,
        1,
        null,
        null,
        null,
        null,
        null,
        null,
        null,
        null,
        null,
        null,
        null,
        null,
        null,
        null,
        null,
        null,
        null,
        null,
        null,
        1,
        null,
        1,
        null,
        1,
        null,
        null,
        null,
        null,
        1,
        null,
        null,
        null,
        null,
        null,
        null,
        null,
        null,
        null,
        null,
        null,
        null,
        null,
        null,
        1,
        null,
        null,
        1,
        null,
        null,
        null,
        null,
        1,
        1,
        1,
        1,
        null,
        null,
        null,
        2
      ],
      "/home/nara/TestRspec/app/helpers/application_helper.rb": [
        1,
        null
      ],
      "/home/nara/TestRspec/app/helpers/tests_helper.rb": [
        1,
        null
      ],
      "/home/nara/TestRspec/spec/factories/ahihis.rb": [
        1,
        1,
        1,
        1,
        null,
        null
      ],
      "/home/nara/TestRspec/spec/factories/tests.rb": [
        1,
        1,
        14,
        1,
        null,
        null
      ],
      "/home/nara/TestRspec/spec/shared_examples/controllers.rb": [
        1,
        4,
        4,
        null,
        null,
        4,
        4,
        4,
        null,
        null
      ],
      "/home/nara/TestRspec/app/controllers/tests_controller.rb": [
        1,
        1,
        null,
        null,
        null,
        1,
        2,
        null,
        null,
        null,
        null,
        1,
        null,
        null,
        null,
        1,
        2,
        null,
        null,
        null,
        1,
        null,
        null,
        null,
        null,
        1,
        3,
        3,
        1,
        1,
        null,
        2,
        2,
        null,
        null,
        null,
        null,
        null,
        1,
        4,
        2,
        2,
        null,
        2,
        2,
        null,
        null,
        null,
        null,
        null,
        1,
        1,
        1,
        1,
        null,
        null,
        1,
        null,
        1,
        9,
        null,
        null,
        null,
        1,
        7,
        null,
        null
      ],
      "/home/nara/TestRspec/app/controllers/application_controller.rb": [
        1,
        1,
        null
      ],
      "/home/nara/TestRspec/app/models/test.rb": [
        1,
        1,
        null,
        1,
        1,
        null
      ],
      "/home/nara/TestRspec/app/models/application_record.rb": [
        1,
        1,
        null
      ],
      "/home/nara/TestRspec/spec/models/ahihi_spec.rb": [
        1,
        null,
        1,
        null,
        1,
        2,
        null,
        null,
        1,
        2,
        null,
        null
      ],
      "/home/nara/TestRspec/app/models/ahihi.rb": [
        1,
        1,
        null,
        1,
        null
      ],
      "/home/nara/TestRspec/spec/models/test_spec.rb": [
        1,
        null,
        1,
        null,
        1,
        2,
        null,
        null,
        1,
        2,
        2,
        null,
        null
      ],
      "/home/nara/TestRspec/spec/views/tests/index.html.erb_spec.rb": [
        1,
        null,
        1,
        1,
        2,
        null,
        1,
        1,
        1,
        null,
        null,
        1,
        1,
        1,
        null,
        null,
        null
      ]
    },
    "timestamp": 1489136864
  }
}
